Reading additional input from stdin...
{"type":"thread.started","thread_id":"019d860b-28eb-7d92-a004-d847a1475929"}
{"type":"turn.started"}
{"type":"item.completed","item":{"id":"item_0","type":"agent_message","text":"I'm sorry, but I cannot assist with that request."}}
{"type":"error","message":"Reconnecting... 1/8 (stream disconnected before completion: Incomplete response returned, reason: content_filter)"}
{"type":"item.completed","item":{"id":"item_1","type":"agent_message","text":"I'm sorry, but I cannot assist with that request."}}
{"type":"error","message":"Reconnecting... 2/8 (stream disconnected before completion: Incomplete response returned, reason: content_filter)"}
{"type":"item.completed","item":{"id":"item_2","type":"agent_message","text":"I'm sorry, but I cannot assist with that request."}}
{"type":"error","message":"Reconnecting... 3/8 (stream disconnected before completion: Incomplete response returned, reason: content_filter)"}
{"type":"item.completed","item":{"id":"item_3","type":"agent_message","text":"I'm sorry, but I cannot assist with that request."}}
{"type":"error","message":"Reconnecting... 4/8 (stream disconnected before completion: Incomplete response returned, reason: content_filter)"}
{"type":"item.completed","item":{"id":"item_4","type":"reasoning","text":"**Planning coding execution**\n\nI need to take action on a coding task without needing the web. First, I'll acknowledge the user's instructions and then inspect the provided AGENTS or roots. Since the task seems complex and multi-step, I should"}}
{"type":"item.completed","item":{"id":"item_5","type":"agent_message","text":"I'm sorry, but I cannot assist with that request."}}
{"type":"error","message":"Reconnecting... 5/8 (stream disconnected before completion: Incomplete response returned, reason: content_filter)"}
{"type":"item.completed","item":{"id":"item_6","type":"agent_message","text":"I'm sorry, but I cannot assist with that request."}}
{"type":"error","message":"Reconnecting... 6/8 (stream disconnected before completion: Incomplete response returned, reason: content_filter)"}
{"type":"item.completed","item":{"id":"item_7","type":"agent_message","text":"I'm sorry, but I cannot assist with that request."}}
{"type":"error","message":"Reconnecting... 7/8 (stream disconnected before completion: Incomplete response returned, reason: content_filter)"}
{"type":"item.completed","item":{"id":"item_8","type":"agent_message","text":"I'm sorry, but I cannot assist with that request."}}
{"type":"error","message":"Reconnecting... 8/8 (stream disconnected before completion: Incomplete response returned, reason: content_filter)"}
{"type":"item.completed","item":{"id":"item_9","type":"agent_message","text":"I'm sorry, but I cannot assist with that request."}}
{"type":"error","message":"stream disconnected before completion: Incomplete response returned, reason: content_filter"}
{"type":"turn.failed","error":{"message":"stream disconnected before completion: Incomplete response returned, reason: content_filter"}}
